<?xml version="1.0" encoding="UTF-8"?>
<!-- Generated by org.testng.reporters.JUnitReportReporter -->
<testsuite skipped="0" hostname="DESKTOP-FE0OLEO" name="udemy_tutorial.Samlogin_tc" tests="1" failures="0" timestamp="2022-04-29T15:12:14 IST" time="51.653" errors="0">
  <testcase name="Sam_Log_in" time="51.653" classname="udemy_tutorial.Samlogin_tc"/>
  <system-out/>
</testsuite> <!-- udemy_tutorial.Samlogin_tc -->
