<?xml version="1.0" encoding="UTF-8"?>
<!-- Generated by org.testng.reporters.JUnitReportReporter -->
<testsuite skipped="0" hostname="DESKTOP-FE0OLEO" name="udemy_tutorial.Samlogin_tc" tests="1" failures="0" timestamp="29 Apr 2022 12:17:42 GMT" time="55.019" errors="0">
  <testcase name="Sam_Log_in" time="55.019" classname="udemy_tutorial.Samlogin_tc"/>
</testsuite> <!-- udemy_tutorial.Samlogin_tc -->
